TN:
SF:math.js
FN:1,(anonymous_0)
FNF:1
FNH:1
FNDA:1,(anonymous_0)
DA:1,1
DA:2,1
DA:5,1
LF:3
LH:3
BRF:0
BRH:0
end_of_record
TN:
SF:searchNames.js
FN:4,(anonymous_0)
FN:13,(anonymous_1)
FN:21,(anonymous_2)
FNF:3
FNH:3
FNDA:8,(anonymous_0)
FNDA:12,(anonymous_1)
FNDA:1,(anonymous_2)
DA:4,1
DA:5,8
DA:6,3
DA:8,5
DA:9,5
DA:10,1
DA:13,4
DA:15,12
DA:18,4
DA:21,1
DA:22,1
LF:11
LH:11
BRDA:5,0,0,3
BRDA:5,0,1,5
BRDA:5,1,0,8
BRDA:5,1,1,6
BRDA:9,2,0,1
BRDA:9,2,1,4
BRDA:18,3,0,1
BRDA:18,3,1,3
BRF:8
BRH:8
end_of_record
